Examen1BUnivAlien/app/build/intermediates/manifest_merge_blame_file/debug/manifest-merger-blame-debug-report.txt
1<?xml version="1.0" encoding="utf-8"?>
2<manifest xmlns:android="http://schemas.android.com/apk/res/android"
3    package="com.example.examen_1b_univ_alien"
4    android:versionCode="1"
5    android:versionName="1.0" >
6
7    <uses-sdk
8        android:minSdkVersion="24"
8-->src\main\AndroidManifest.xml
9        android:targetSdkVersion="29" />
9-->src\main\AndroidManifest.xml
10
11    <uses-permission android:name="android.permission.INTERNET" />
11-->src\main\AndroidManifest.xml:5:5-67
11-->src\main\AndroidManifest.xml:5:22-64
12    <uses-permission android:name="android.permission.ACCESS_NETWORK_STATE" />
12-->src\main\AndroidManifest.xml:6:5-79
12-->src\main\AndroidManifest.xml:6:22-76
13
14    <application
14-->src\main\AndroidManifest.xml:8:5-30:19
15        android:allowBackup="true"
15-->src\main\AndroidManifest.xml:9:9-35
16        android:appComponentFactory="androidx.core.app.CoreComponentFactory"
16-->[androidx.core:core:1.3.0] AndroidManifest.xml:24:18-86
17        android:debuggable="true"
18        android:extractNativeLibs="false"
19        android:icon="@mipmap/ic_launcher"
19-->src\main\AndroidManifest.xml:10:9-43
20        android:label="@string/app_name"
20-->src\main\AndroidManifest.xml:11:9-41
21        android:roundIcon="@mipmap/ic_launcher_round"
21-->src\main\AndroidManifest.xml:12:9-54
22        android:supportsRtl="true"
22-->src\main\AndroidManifest.xml:13:9-35
23        android:testOnly="true"
24        android:theme="@style/AppTheme"
24-->src\main\AndroidManifest.xml:14:9-40
25        android:usesCleartextTraffic="true" >
25-->src\main\AndroidManifest.xml:15:9-44
26        <activity android:name="com.example.examen_1b_univ_alien.HttpActivity" />
26-->src\main\AndroidManifest.xml:16:9-59
26-->src\main\AndroidManifest.xml:16:19-47
27        <activity android:name="com.example.examen_1b_univ_alien.FormularioEdicionUniverso" />
27-->src\main\AndroidManifest.xml:17:9-63
27-->src\main\AndroidManifest.xml:17:19-60
28        <activity android:name="com.example.examen_1b_univ_alien.FormularioCrearUniverso" />
28-->src\main\AndroidManifest.xml:18:9-61
28-->src\main\AndroidManifest.xml:18:19-58
29        <activity android:name="com.example.examen_1b_univ_alien.ListViewUniversoActivity" />
29-->src\main\AndroidManifest.xml:19:9-62
29-->src\main\AndroidManifest.xml:19:19-59
30        <activity android:name="com.example.examen_1b_univ_alien.FormularioEdicionAlien" />
30-->src\main\AndroidManifest.xml:20:9-60
30-->src\main\AndroidManifest.xml:20:19-57
31        <activity android:name="com.example.examen_1b_univ_alien.FormularioCrearAlien" />
31-->src\main\AndroidManifest.xml:21:9-58
31-->src\main\AndroidManifest.xml:21:19-55
32        <activity android:name="com.example.examen_1b_univ_alien.ListViewAlienActivity" />
32-->src\main\AndroidManifest.xml:22:9-59
32-->src\main\AndroidManifest.xml:22:19-56
33        <activity android:name="com.example.examen_1b_univ_alien.MainActivity" >
33-->src\main\AndroidManifest.xml:23:9-29:20
33-->src\main\AndroidManifest.xml:23:19-47
34            <intent-filter>
34-->src\main\AndroidManifest.xml:24:13-28:29
35                <action android:name="android.intent.action.MAIN" />
35-->src\main\AndroidManifest.xml:25:17-69
35-->src\main\AndroidManifest.xml:25:25-66
36
37                <category android:name="android.intent.category.LAUNCHER" />
37-->src\main\AndroidManifest.xml:27:17-77
37-->src\main\AndroidManifest.xml:27:27-74
38            </intent-filter>
39        </activity>
40    </application>
41
42</manifest>